<?xml version='1.0' encoding='UTF-8'?>
<testsuite hostname="Pavilion-Monster" name="CalculatorFreeSpec" tests="4" errors="0" failures="0" skipped="0" time="0.033" timestamp="2022-03-24T16:53:19">
          <properties>
      <property name="awt.toolkit" value="sun.awt.windows.WToolkit"/><property name="java.specification.version" value="11"/><property name="sun.cpu.isalist" value="amd64"/><property name="sun.jnu.encoding" value="Cp1252"/><property name="sun.arch.data.model" value="64"/><property name="java.vendor.url" value="https://adoptium.net/"/><property name="sun.boot.library.path" value="C:\Program Files\Eclipse Adoptium\jdk-11.0.13.8-hotspot\bin"/><property name="sun.java.command" value="xsbt.boot.Boot clean coverage test"/><property name="jdk.debug" value="release"/><property name="sun.stderr.encoding" value="cp437"/><property name="java.specification.vendor" value="Oracle Corporation"/><property name="java.version.date" value="2021-10-19"/><property name="java.home" value="C:\Program Files\Eclipse Adoptium\jdk-11.0.13.8-hotspot"/><property name="file.separator" value="\"/><property name="java.vm.compressedOopsMode" value="32-bit"/><property name="line.separator" value="
"/><property name="sun.stdout.encoding" value="cp437"/><property name="java.specification.name" value="Java Platform API Specification"/><property name="java.vm.specification.vendor" value="Oracle Corporation"/><property name="user.script" value=""/><property name="sun.management.compiler" value="HotSpot 64-Bit Tiered Compilers"/><property name="java.runtime.version" value="11.0.13+8"/><property name="user.name" value="POOJA SUNDAR"/><property name="log4j.ignoreTCL" value="true"/><property name="file.encoding" value="UTF-8"/><property name="jnidispatch.path" value="C:\Users\POOJAS~1\AppData\Local\Temp\jna-670116002\jna12974392309175667421.dll"/><property name="java.vendor.version" value="Temurin-11.0.13+8"/><property name="jna.loaded" value="true"/><property name="java.io.tmpdir" value="C:\Users\POOJAS~1\AppData\Local\Temp\"/><property name="java.version" value="11.0.13"/><property name="java.vm.specification.name" value="Java Virtual Machine Specification"/><property name="java.awt.printerjob" value="sun.awt.windows.WPrinterJob"/><property name="sun.os.patch.level" value=""/><property name="java.library.path" value="C:\Program Files\Eclipse Adoptium\jdk-11.0.13.8-hotspot\bin;C:\windows\Sun\Java\bin;C:\windows\system32;C:\windows;C:\Program Files\Eclipse Adoptium\jdk-11.0.13.8-hotspot\bin;C:\windows\system32;C:\windows;C:\windows\System32\Wbem;C:\windows\System32\WindowsPowerShell\v1.0\;C:\windows\System32\OpenSSH\;C:\Program Files\Git\cmd;C:\Program Files (x86)\scala\bin;C:\Program Files (x86)\sbt\bin;C:\Program Files\MySQL\MySQL Shell 8.0\bin\;C:\Users\POOJA SUNDAR\AppData\Local\Microsoft\WindowsApps;."/><property name="java.vendor" value="Eclipse Adoptium"/><property name="scala.ext.dirs" value="C:\Users\POOJA SUNDAR\.sbt\1.0\java9-rt-ext-eclipse_adoptium_11_0_13"/><property name="sun.io.unicode.encoding" value="UnicodeLittle"/><property name="sun.desktop" value="windows"/><property name="java.class.path" value="C:\Program Files (x86)\sbt\\bin\sbt-launch.jar"/><property name="java.vm.vendor" value="Eclipse Adoptium"/><property name="user.variant" value=""/><property name="jline.shutdownhook" value="false"/><property name="user.timezone" value="Asia/Calcutta"/><property name="os.name" value="Windows 10"/><property name="java.vm.specification.version" value="11"/><property name="sun.java.launcher" value="SUN_STANDARD"/><property name="user.country" value="IN"/><property name="sun.cpu.endian" value="little"/><property name="user.home" value="C:\Users\POOJA SUNDAR"/><property name="user.language" value="en"/><property name="swoval.tmpdir" value="C:\Users\POOJA SUNDAR\.sbt\1.0"/><property name="java.awt.graphicsenv" value="sun.awt.Win32GraphicsEnvironment"/><property name="jline.esc.timeout" value="0"/><property name="path.separator" value=";"/><property name="os.version" value="10.0"/><property name="jna.nosys" value="true"/><property name="java.runtime.name" value="OpenJDK Runtime Environment"/><property name="java.vm.name" value="OpenJDK 64-Bit Server VM"/><property name="java.vendor.url.bug" value="https://github.com/adoptium/adoptium-support/issues"/><property name="user.dir" value="D:\Scala_Projects\newSCoverage"/><property name="os.arch" value="amd64"/><property name="java.vm.info" value="mixed mode"/><property name="java.vm.version" value="11.0.13+8"/><property name="java.class.version" value="55.0"/>
    </properties>
          <testcase classname="CalculatorFreeSpec" name="The calculator of Addition gives back the two numbers of addition" time="0.027">
                      
                    </testcase><testcase classname="CalculatorFreeSpec" name="The calculator of Subtraction gives back to two numbers of subtraction" time="0.001">
                      
                    </testcase><testcase classname="CalculatorFreeSpec" name="The Calculator of Multiplication gives back to two  numbers of multiplication" time="0.0">
                      
                    </testcase><testcase classname="CalculatorFreeSpec" name="The Calculator of Division gives back to two  numbers of divison" time="0.005">
                      
                    </testcase>
          <system-out><![CDATA[]]></system-out>
          <system-err><![CDATA[]]></system-err>
        </testsuite>